<?xml version="1.0" encoding="UTF-8"?>
<!-- Generated by org.testng.reporters.JUnitReportReporter -->
<testsuite hostname="DECOMM-PC" failures="0" tests="4" name="TestCases.CreateEmpData" time="5.220" errors="0" timestamp="2023-01-03T14:11:59 PST" skipped="0">
  <testcase classname="TestCases.CreateEmpData" name="createEmpData" time="4.042"/>
  <system-out/>
  <testcase classname="TestCases.CreateEmpData" name="deleteEmpData" time="0.534"/>
  <system-out/>
  <testcase classname="TestCases.CreateEmpData" name="deleteDeletedEmpData" time="0.400"/>
  <system-out/>
  <testcase classname="TestCases.CreateEmpData" name="getDetailsOfUser" time="0.244"/>
  <system-out/>
</testsuite> <!-- TestCases.CreateEmpData -->
