<?xml version="1.0" encoding="UTF-8"?>
<!-- Generated by org.testng.reporters.JUnitReportReporter -->
<testsuite hostname="DECOMM-PC" failures="0" tests="2" name="TestCases.getEmpData" time="3.677" errors="0" timestamp="2022-12-31T16:22:09 PST" skipped="0">
  <testcase classname="TestCases.getEmpData" name="createEmpData" time="0.010"/>
  <system-out/>
  <testcase classname="TestCases.getEmpData" name="getEmployeeData" time="3.667"/>
  <system-out/>
</testsuite> <!-- TestCases.getEmpData -->
