<?xml version="1.0" encoding="UTF-8"?>
<!-- Generated by org.testng.reporters.JUnitReportReporter -->
<testsuite hostname="DECOMM-PC" failures="0" tests="16" name="TestCases.GetData" time="0.237" errors="0" timestamp="2022-12-29T21:26:09 PST" skipped="0">
  <testcase classname="TestCases.GetData" name="getNumOfStudRecord" time="0.003"/>
  <system-out/>
  <testcase classname="TestCases.GetData" name="getUserName" time="0.005"/>
  <system-out/>
  <testcase classname="TestCases.GetData" name="getNamesOfAllStud" time="0.009"/>
  <system-out/>
  <testcase classname="TestCases.GetData" name="getAddOfSecStud" time="0.010"/>
  <system-out/>
  <testcase classname="TestCases.GetData" name="valueOfSecondStud" time="0.003"/>
  <system-out/>
  <testcase classname="TestCases.GetData" name="getValueOfLastSessionId" time="0.008"/>
  <system-out/>
  <testcase classname="TestCases.GetData" name="getContactOfStud" time="0.011"/>
  <system-out/>
  <testcase classname="TestCases.GetData" name="getUserNameOf2ndUniversity" time="0.005"/>
  <system-out/>
  <testcase classname="TestCases.GetData" name="getNumOfContSecStud" time="0.011"/>
  <system-out/>
  <testcase classname="TestCases.GetData" name="getStudentMarks" time="0.007"/>
  <system-out/>
  <testcase classname="TestCases.GetData" name="getValueOfSessionId" time="0.003"/>
  <system-out/>
  <testcase classname="TestCases.GetData" name="getUserNameOf1stUniversity" time="0.004"/>
  <system-out/>
  <testcase classname="TestCases.GetData" name="getAllCities" time="0.013"/>
  <system-out/>
  <testcase classname="TestCases.GetData" name="valueOfFirstStud" time="0.005"/>
  <system-out/>
  <testcase classname="TestCases.GetData" name="getNumberOfUniversities" time="0.010"/>
  <system-out/>
  <testcase classname="TestCases.GetData" name="getAddOfFirstStud" time="0.130"/>
  <system-out/>
</testsuite> <!-- TestCases.GetData -->
